d:\c++_project\project0714\debug\vc143.pdb
d:\c++_project\project0714\debug\vc143.idb
d:\c++_project\project0714\debug\2_02引用的注意事项.obj
d:\c++_project\project0714\debug\2_01引用.obj
d:\c++_project\project0714\debug\1_04new操作符.obj
d:\c++_project\project0714\debug\1_03堆区.obj
d:\c++_project\project0714\debug\1_02栈区.obj
d:\c++_project\project0714\debug\1_01全局区.obj
d:\c++_project\project0714\debug\2_03引用做函数参数.obj
d:\c++_project\project0714\debug\2_04引用做函数的返回值.obj
d:\c++_project\project0714\debug\2_05引用的本质.obj
d:\c++_project\project0714\debug\2_06常量引用.obj
d:\c++_project\project0714\debug\3_01函数默认参数.obj
d:\c++_project\project0714\debug\3_02函数占位参数.obj
d:\c++_project\project0714\debug\3_03函数重载.obj
d:\c++_project\project0714\debug\2_04函数重载注意事项.obj
d:\c++_project\project0714\debug\project0714.exe
d:\c++_project\project0714\debug\project0714.ilk
d:\c++_project\project0714\debug\project0714.pdb
d:\c++_project\project0714\debug\01全局区.obj
d:\c++_project\project0714\debug\02栈区.obj
d:\c++_project\project0714\debug\03堆区.obj
d:\c++_project\project0714\debug\04new操作符.obj
d:\c++_project\project0714\debug\05引用.obj
d:\c++_project\project0714\debug\new操作符.obj
d:\c++_project\project0714\debug\堆区.obj
d:\c++_project\project0714\debug\project0714.tlog\cl.command.1.tlog
d:\c++_project\project0714\debug\project0714.tlog\cl.read.1.tlog
d:\c++_project\project0714\debug\project0714.tlog\cl.write.1.tlog
d:\c++_project\project0714\debug\project0714.tlog\link.command.1.tlog
d:\c++_project\project0714\debug\project0714.tlog\link.read.1.tlog
d:\c++_project\project0714\debug\project0714.tlog\link.write.1.tlog
